# JRE version: OpenJDK Runtime Environment Microsoft-10376486 (17.0.13+11) (build 17.0.13+11-LTS)
# Java VM: OpenJDK 64-Bit Server VM Microsoft-10376486 (17.0.13+11-LTS, mixed mode, sharing, tiered, compressed oops, compressed class ptrs, g1 gc, windows-amd64)
GC Precious Log:
 CPUs: 12 total, 12 available
 Memory: 15741M
 Large Page Support: Disabled
 NUMA Support: Disabled
 Compressed Oops: Enabled (32-bit)
 Heap Region Size: 1M
 Heap Min Capacity: 256M
 Heap Initial Capacity: 256M
 Heap Max Capacity: 512M
 Pre-touch: Disabled
 Parallel Workers: 10
 Concurrent Workers: 3
 Concurrent Refinement Workers: 10
 Periodic GC: Disabled
Heap:
 garbage-first heap   total 262144K, used 197742K [0x00000000e0000000, 0x0000000100000000)
  region size 1024K, 111 young (113664K), 15 survivors (15360K)
 Metaspace       used 61904K, committed 62848K, reserved 393216K
  class space    used 8310K, committed 8768K, reserved 327680K
GC Heap History (20 events):
Event: 489.401 GC heap before
{Heap before GC invocations=42 (full 0):
 garbage-first heap   total 262144K, used 192869K [0x00000000e0000000, 0x0000000100000000)
  region size 1024K, 94 young (96256K), 14 survivors (14336K)
 Metaspace       used 61886K, committed 62784K, reserved 393216K
  class space    used 8361K, committed 8768K, reserved 327680K
}
Event: 489.442 GC heap after
{Heap after GC invocations=43 (full 0):
 garbage-first heap   total 262144K, used 121502K [0x00000000e0000000, 0x0000000100000000)
  region size 1024K, 12 young (12288K), 12 survivors (12288K)
 Metaspace       used 61886K, committed 62784K, reserved 393216K
  class space    used 8361K, committed 8768K, reserved 327680K
}
Event: 493.254 GC heap before
{Heap before GC invocations=44 (full 0):
 garbage-first heap   total 262144K, used 200350K [0x00000000e0000000, 0x0000000100000000)
  region size 1024K, 96 young (98304K), 12 survivors (12288K)
 Metaspace       used 61689K, committed 62784K, reserved 393216K
  class space    used 8311K, committed 8768K, reserved 327680K
}
Event: 493.263 GC heap after
{Heap after GC invocations=45 (full 0):
 garbage-first heap   total 262144K, used 114497K [0x00000000e0000000, 0x0000000100000000)
  region size 1024K, 4 young (4096K), 4 survivors (4096K)
 Metaspace       used 61689K, committed 62784K, reserved 393216K
  class space    used 8311K, committed 8768K, reserved 327680K
}
Event: 493.440 GC heap before
{Heap before GC invocations=45 (full 0):
 garbage-first heap   total 262144K, used 122689K [0x00000000e0000000, 0x0000000100000000)
  region size 1024K, 12 young (12288K), 4 survivors (4096K)
 Metaspace       used 61699K, committed 62784K, reserved 393216K
  class space    used 8311K, committed 8768K, reserved 327680K
}
Event: 493.456 GC heap after
{Heap after GC invocations=46 (full 0):
 garbage-first heap   total 262144K, used 92730K [0x00000000e0000000, 0x0000000100000000)
  region size 1024K, 2 young (2048K), 2 survivors (2048K)
 Metaspace       used 61699K, committed 62784K, reserved 393216K
  class space    used 8311K, committed 8768K, reserved 327680K
}
Event: 493.620 GC heap before
{Heap before GC invocations=46 (full 0):
 garbage-first heap   total 262144K, used 102970K [0x00000000e0000000, 0x0000000100000000)
  region size 1024K, 12 young (12288K), 2 survivors (2048K)
 Metaspace       used 61699K, committed 62784K, reserved 393216K
  class space    used 8311K, committed 8768K, reserved 327680K
}
Event: 493.624 GC heap after
{Heap after GC invocations=47 (full 0):
 garbage-first heap   total 262144K, used 93290K [0x00000000e0000000, 0x0000000100000000)
  region size 1024K, 2 young (2048K), 2 survivors (2048K)
 Metaspace       used 61699K, committed 62784K, reserved 393216K
  class space    used 8311K, committed 8768K, reserved 327680K
}
Event: 494.752 GC heap before
{Heap before GC invocations=47 (full 0):
 garbage-first heap   total 262144K, used 205930K [0x00000000e0000000, 0x0000000100000000)
  region size 1024K, 112 young (114688K), 2 survivors (2048K)
 Metaspace       used 61701K, committed 62784K, reserved 393216K
  class space    used 8311K, committed 8768K, reserved 327680K
}
Event: 494.783 GC heap after
{Heap after GC invocations=48 (full 0):
 garbage-first heap   total 262144K, used 106828K [0x00000000e0000000, 0x0000000100000000)
  region size 1024K, 14 young (14336K), 14 survivors (14336K)
 Metaspace       used 61701K, committed 62784K, reserved 393216K
  class space    used 8311K, committed 8768K, reserved 327680K
}
Event: 605.541 GC heap before
{Heap before GC invocations=48 (full 0):
 garbage-first heap   total 262144K, used 205132K [0x00000000e0000000, 0x0000000100000000)
  region size 1024K, 111 young (113664K), 14 survivors (14336K)
 Metaspace       used 61774K, committed 62784K, reserved 393216K
  class space    used 8312K, committed 8768K, reserved 327680K
}
Event: 605.807 GC heap after
{Heap after GC invocations=49 (full 0):
 garbage-first heap   total 262144K, used 107657K [0x00000000e0000000, 0x0000000100000000)
  region size 1024K, 7 young (7168K), 7 survivors (7168K)
 Metaspace       used 61774K, committed 62784K, reserved 393216K
  class space    used 8312K, committed 8768K, reserved 327680K
}
Event: 623.373 GC heap before
{Heap before GC invocations=49 (full 0):
 garbage-first heap   total 262144K, used 206985K [0x00000000e0000000, 0x0000000100000000)
  region size 1024K, 105 young (107520K), 7 survivors (7168K)
 Metaspace       used 61779K, committed 62784K, reserved 393216K
  class space    used 8312K, committed 8768K, reserved 327680K
}
Event: 623.399 GC heap after
{Heap after GC invocations=50 (full 0):
 garbage-first heap   total 262144K, used 117890K [0x00000000e0000000, 0x0000000100000000)
  region size 1024K, 14 young (14336K), 14 survivors (14336K)
 Metaspace       used 61779K, committed 62784K, reserved 393216K
  class space    used 8312K, committed 8768K, reserved 327680K
}
Event: 631.393 GC heap before
{Heap before GC invocations=51 (full 0):
 garbage-first heap   total 262144K, used 185474K [0x00000000e0000000, 0x0000000100000000)
  region size 1024K, 99 young (101376K), 14 survivors (14336K)
 Metaspace       used 61852K, committed 62784K, reserved 393216K
  class space    used 8310K, committed 8768K, reserved 327680K
}
Event: 631.450 GC heap after
{Heap after GC invocations=52 (full 0):
 garbage-first heap   total 262144K, used 102423K [0x00000000e0000000, 0x0000000100000000)
  region size 1024K, 7 young (7168K), 7 survivors (7168K)
 Metaspace       used 61852K, committed 62784K, reserved 393216K
  class space    used 8310K, committed 8768K, reserved 327680K
}
Event: 631.538 GC heap before
{Heap before GC invocations=52 (full 0):
 garbage-first heap   total 262144K, used 107543K [0x00000000e0000000, 0x0000000100000000)
  region size 1024K, 12 young (12288K), 7 survivors (7168K)
 Metaspace       used 61852K, committed 62784K, reserved 393216K
  class space    used 8310K, committed 8768K, reserved 327680K
}
Event: 631.574 GC heap after
{Heap after GC invocations=53 (full 0):
 garbage-first heap   total 262144K, used 86821K [0x00000000e0000000, 0x0000000100000000)
  region size 1024K, 2 young (2048K), 2 survivors (2048K)
 Metaspace       used 61852K, committed 62784K, reserved 393216K
  class space    used 8310K, committed 8768K, reserved 327680K
}
Event: 635.343 GC heap before
{Heap before GC invocations=53 (full 0):
 garbage-first heap   total 262144K, used 205605K [0x00000000e0000000, 0x0000000100000000)
  region size 1024K, 118 young (120832K), 2 survivors (2048K)
 Metaspace       used 61861K, committed 62784K, reserved 393216K
  class space    used 8310K, committed 8768K, reserved 327680K
}
Event: 635.376 GC heap after
{Heap after GC invocations=54 (full 0):
 garbage-first heap   total 262144K, used 100462K [0x00000000e0000000, 0x0000000100000000)
  region size 1024K, 15 young (15360K), 15 survivors (15360K)
 Metaspace       used 61861K, committed 62784K, reserved 393216K
  class space    used 8310K, committed 8768K, reserved 327680K
}

